#
# There is insufficient memory for the Java Runtime Environment to continue.
# Native memory allocation (malloc) failed to allocate 32744 bytes. Error detail: ChunkPool::allocate
# Possible reasons:
#   The system is out of physical RAM or swap space
#   This process is running with CompressedOops enabled, and the Java Heap may be blocking the growth of the native heap
# Possible solutions:
#   Reduce memory load on the system
#   Increase physical memory or swap space
#   Check if swap backing store is full
#   Decrease Java heap size (-Xmx/-Xms)
#   Decrease number of Java threads
#   Decrease Java thread stack sizes (-Xss)
#   Set larger code cache with -XX:ReservedCodeCacheSize=
#   JVM is running with Unscaled Compressed Oops mode in which the Java heap is
#     placed in the first 4GB address space. The Java Heap base address is the
#     maximum limit for the native heap growth. Please use -XX:HeapBaseMinAddress
#     to set the Java Heap base and to place the Java Heap above 4GB virtual address.
# This output file may be truncated or incomplete.
#
#  Out of Memory Error (arena.cpp:79), pid=23068, tid=324
#
# JRE version: OpenJDK Runtime Environment Microsoft-9889599 (17.0.12+7) (build 17.0.12+7-LTS)
# Java VM: OpenJDK 64-Bit Server VM Microsoft-9889599 (17.0.12+7-LTS, mixed mode, sharing, tiered, compressed oops, compressed class ptrs, g1 gc, windows-amd64)
# No core dump will be written. Minidumps are not enabled by default on client versions of Windows
#

---------------  S U M M A R Y ------------

Command Line: -Xmx64m -Xms64m -Dorg.gradle.appname=gradlew org.gradle.wrapper.GradleWrapperMain app:installDebug -PreactNativeDevServerPort=8081

Host: AMD Ryzen 5 4600H with Radeon Graphics         , 12 cores, 7G,  Windows 11 , 64 bit Build 22621 (10.0.22621.5124)
Time: Tue Apr 22 21:44:28 2025 India Standard Time elapsed time: 585.183990 seconds (0d 0h 9m 45s)

---------------  T H R E A D  ---------------

Current thread (0x000002a9f6997e40):  JavaThread "C2 CompilerThread0" daemon [_thread_in_native, id=324, stack(0x000000c19ad00000,0x000000c19ae00000)]


Current CompileTask:
C2: 585233 2111   !   4       java.util.concurrent.locks.AbstractQueuedSynchronizer::acquire (407 bytes)

Stack: [0x000000c19ad00000,0x000000c19ae00000]
Native frames: (J=compiled Java code, j=interpreted, Vv=VM code, C=native code)
V  [jvm.dll+0x686d99]
V  [jvm.dll+0x83daf8]
V  [jvm.dll+0x83f5a3]
V  [jvm.dll+0x83fc13]
V  [jvm.dll+0x2492ef]
V  [jvm.dll+0xad2ac]
V  [jvm.dll+0xad73c]
V  [jvm.dll+0x2a6163]
V  [jvm.dll+0x2a5f20]
V  [jvm.dll+0x80181a]
V  [jvm.dll+0x80759e]
V  [jvm.dll+0x8062ef]
V  [jvm.dll+0x802eab]
V  [jvm.dll+0x801e9d]
V  [jvm.dll+0x34dbb4]
V  [jvm.dll+0x2afb75]
V  [jvm.dll+0x69f81a]
V  [jvm.dll+0x6976b3]
V  [jvm.dll+0x696f40]
V  [jvm.dll+0x694d52]
V  [jvm.dll+0x1a86cc]
V  [jvm.dll+0x1a926d]
V  [jvm.dll+0x2afbd0]
V  [jvm.dll+0x69f81a]
V  [jvm.dll+0x6976b3]
V  [jvm.dll+0x696f40]
V  [jvm.dll+0x694d52]
V  [jvm.dll+0x1a86cc]
V  [jvm.dll+0x1a926d]
V  [jvm.dll+0x1a926d]
V  [jvm.dll+0x2afbd0]
V  [jvm.dll+0x69f81a]
V  [jvm.dll+0x6976b3]
V  [jvm.dll+0x696f40]
V  [jvm.dll+0x694d52]
V  [jvm.dll+0x1a86cc]
V  [jvm.dll+0x219518]
V  [jvm.dll+0x1a53e6]
V  [jvm.dll+0x229faa]
V  [jvm.dll+0x2280fb]
V  [jvm.dll+0x7f3508]
V  [jvm.dll+0x7ed87c]
V  [jvm.dll+0x685c77]
C  [ucrtbase.dll+0x29333]
C  [KERNEL32.DLL+0x1259d]
C  [ntdll.dll+0x5af38]


---------------  P R O C E S S  ---------------

Threads class SMR info:
_java_thread_list=0x000002a9fb9b4040, length=13, elements={
0x000002a9ebb3d580, 0x000002a9f696ffb0, 0x000002a9f6970e30, 0x000002a9f69849d0,
0x000002a9f69864b0, 0x000002a9f6986f80, 0x000002a9f6989860, 0x000002a9f6997e40,
0x000002a9f6998800, 0x000002a9f69a38f0, 0x000002a9f6af0b50, 0x000002a9f6af5ab0,
0x000002a9fb3b5fd0
}

Java Threads: ( => current thread )
  0x000002a9ebb3d580 JavaThread "main" [_thread_in_Java, id=25388, stack(0x000000c19a000000,0x000000c19a100000)]
  0x000002a9f696ffb0 JavaThread "Reference Handler" daemon [_thread_blocked, id=8336, stack(0x000000c19a700000,0x000000c19a800000)]
  0x000002a9f6970e30 JavaThread "Finalizer" daemon [_thread_blocked, id=11348, stack(0x000000c19a800000,0x000000c19a900000)]
  0x000002a9f69849d0 JavaThread "Signal Dispatcher" daemon [_thread_blocked, id=19908, stack(0x000000c19a900000,0x000000c19aa00000)]
  0x000002a9f69864b0 JavaThread "Attach Listener" daemon [_thread_blocked, id=14940, stack(0x000000c19aa00000,0x000000c19ab00000)]
  0x000002a9f6986f80 JavaThread "Service Thread" daemon [_thread_blocked, id=23848, stack(0x000000c19ab00000,0x000000c19ac00000)]
  0x000002a9f6989860 JavaThread "Monitor Deflation Thread" daemon [_thread_blocked, id=20768, stack(0x000000c19ac00000,0x000000c19ad00000)]
=>0x000002a9f6997e40 JavaThread "C2 CompilerThread0" daemon [_thread_in_native, id=324, stack(0x000000c19ad00000,0x000000c19ae00000)]
  0x000002a9f6998800 JavaThread "C1 CompilerThread0" daemon [_thread_blocked, id=5132, stack(0x000000c19ae00000,0x000000c19af00000)]
  0x000002a9f69a38f0 JavaThread "Sweeper thread" daemon [_thread_blocked, id=16740, stack(0x000000c19af00000,0x000000c19b000000)]
  0x000002a9f6af0b50 JavaThread "Notification Thread" daemon [_thread_blocked, id=17732, stack(0x000000c19b000000,0x000000c19b100000)]
  0x000002a9f6af5ab0 JavaThread "Common-Cleaner" daemon [_thread_blocked, id=21876, stack(0x000000c19b200000,0x000000c19b300000)]
  0x000002a9fb3b5fd0 JavaThread "pool-1-thread-1" [_thread_blocked, id=20324, stack(0x000000c19b600000,0x000000c19b700000)]

Other Threads:
  0x000002a9ebbed320 VMThread "VM Thread" [stack: 0x000000c19a600000,0x000000c19a700000] [id=13988]
  0x000002a9f6af3040 WatcherThread [stack: 0x000000c19b100000,0x000000c19b200000] [id=24276]
  0x000002a9ebb5e580 GCTaskThread "GC Thread#0" [stack: 0x000000c19a100000,0x000000c19a200000] [id=3132]
  0x000002a9fb23b7f0 GCTaskThread "GC Thread#1" [stack: 0x000000c19b300000,0x000000c19b400000] [id=5680]
  0x000002a9f6dadcd0 GCTaskThread "GC Thread#2" [stack: 0x000000c19b400000,0x000000c19b500000] [id=9144]
  0x000002a9f6c37ab0 GCTaskThread "GC Thread#3" [stack: 0x000000c19b500000,0x000000c19b600000] [id=14288]
  0x000002a9fbb66d40 GCTaskThread "GC Thread#4" [stack: 0x000000c19b800000,0x000000c19b900000] [id=23924]
  0x000002a9fbb4a320 GCTaskThread "GC Thread#5" [stack: 0x000000c19b900000,0x000000c19ba00000] [id=19856]
  0x000002a9fbb4a5e0 GCTaskThread "GC Thread#6" [stack: 0x000000c19ba00000,0x000000c19bb00000] [id=25476]
  0x000002a9ebb5fcd0 ConcurrentGCThread "G1 Main Marker" [stack: 0x000000c19a200000,0x000000c19a300000] [id=25532]
  0x000002a9ebb606f0 ConcurrentGCThread "G1 Conc#0" [stack: 0x000000c19a300000,0x000000c19a400000] [id=3028]
  0x000002a9ebbca850 ConcurrentGCThread "G1 Refine#0" [stack: 0x000000c19a400000,0x000000c19a500000] [id=24056]
  0x000002a9ebbcb280 ConcurrentGCThread "G1 Service" [stack: 0x000000c19a500000,0x000000c19a600000] [id=1972]

Threads with active compile tasks:
C2 CompilerThread0   590208 2111   !   4       java.util.concurrent.locks.AbstractQueuedSynchronizer::acquire (407 bytes)

VM state: not at safepoint (normal execution)

VM Mutex/Monitor currently owned by a thread: None

Heap address: 0x00000000fc000000, size: 64 MB, Compressed Oops mode: 32-bit

CDS archive(s) mapped at: [0x000002a98f000000-0x000002a98fbb0000-0x000002a98fbb0000), size 12255232, SharedBaseAddress: 0x000002a98f000000, ArchiveRelocationMode: 1.
Compressed class space mapped at: 0x000002a990000000-0x000002a9d0000000, reserved size: 1073741824
Narrow klass base: 0x000002a98f000000, Narrow klass shift: 0, Narrow klass range: 0x100000000

GC Precious Log:
 CPUs: 12 total, 12 available
 Memory: 7598M
 Large Page Support: Disabled
 NUMA Support: Disabled
 Compressed Oops: Enabled (32-bit)
 Heap Region Size: 1M
 Heap Min Capacity: 64M
 Heap Initial Capacity: 64M
 Heap Max Capacity: 64M
 Pre-touch: Disabled
 Parallel Workers: 10
 Concurrent Workers: 3
 Concurrent Refinement Workers: 10
 Periodic GC: Disabled

Heap:
 garbage-first heap   total 65536K, used 34786K [0x00000000fc000000, 0x0000000100000000)
  region size 1024K, 29 young (29696K), 5 survivors (5120K)
 Metaspace       used 9609K, committed 9792K, reserved 1114112K
  class space    used 1260K, committed 1344K, reserved 1048576K

Heap Regions: E=young(eden), S=young(survivor), O=old, HS=humongous(starts), HC=humongous(continues), CS=collection set, F=free, OA=open archive, CA=closed archive, TAMS=top-at-mark-start (previous, next)
|   0|0x00000000fc000000, 0x00000000fc100000, 0x00000000fc100000|100%|HS|  |TAMS 0x00000000fc000000, 0x00000000fc000000| Complete 
|   1|0x00000000fc100000, 0x00000000fc200000, 0x00000000fc200000|100%|HC|  |TAMS 0x00000000fc100000, 0x00000000fc100000| Complete 
|   2|0x00000000fc200000, 0x00000000fc300000, 0x00000000fc300000|100%|HC|  |TAMS 0x00000000fc200000, 0x00000000fc200000| Complete 
|   3|0x00000000fc300000, 0x00000000fc400000, 0x00000000fc400000|100%| O|  |TAMS 0x00000000fc300000, 0x00000000fc300000| Untracked 
|   4|0x00000000fc400000, 0x00000000fc500000, 0x00000000fc500000|100%| O|  |TAMS 0x00000000fc400000, 0x00000000fc400000| Untracked 
|   5|0x00000000fc500000, 0x00000000fc5f8a00, 0x00000000fc600000| 97%| O|  |TAMS 0x00000000fc500000, 0x00000000fc500000| Untracked 
|   6|0x00000000fc600000, 0x00000000fc600000, 0x00000000fc700000|  0%| F|  |TAMS 0x00000000fc600000, 0x00000000fc600000| Untracked 
|   7|0x00000000fc700000, 0x00000000fc700000, 0x00000000fc800000|  0%| F|  |TAMS 0x00000000fc700000, 0x00000000fc700000| Untracked 
|   8|0x00000000fc800000, 0x00000000fc800000, 0x00000000fc900000|  0%| F|  |TAMS 0x00000000fc800000, 0x00000000fc800000| Untracked 
|   9|0x00000000fc900000, 0x00000000fc900000, 0x00000000fca00000|  0%| F|  |TAMS 0x00000000fc900000, 0x00000000fc900000| Untracked 
|  10|0x00000000fca00000, 0x00000000fca00000, 0x00000000fcb00000|  0%| F|  |TAMS 0x00000000fca00000, 0x00000000fca00000| Untracked 
|  11|0x00000000fcb00000, 0x00000000fcb00000, 0x00000000fcc00000|  0%| F|  |TAMS 0x00000000fcb00000, 0x00000000fcb00000| Untracked 
|  12|0x00000000fcc00000, 0x00000000fcc00000, 0x00000000fcd00000|  0%| F|  |TAMS 0x00000000fcc00000, 0x00000000fcc00000| Untracked 
|  13|0x00000000fcd00000, 0x00000000fcd00000, 0x00000000fce00000|  0%| F|  |TAMS 0x00000000fcd00000, 0x00000000fcd00000| Untracked 
|  14|0x00000000fce00000, 0x00000000fce00000, 0x00000000fcf00000|  0%| F|  |TAMS 0x00000000fce00000, 0x00000000fce00000| Untracked 
|  15|0x00000000fcf00000, 0x00000000fcf00000, 0x00000000fd000000|  0%| F|  |TAMS 0x00000000fcf00000, 0x00000000fcf00000| Untracked 
|  16|0x00000000fd000000, 0x00000000fd000000, 0x00000000fd100000|  0%| F|  |TAMS 0x00000000fd000000, 0x00000000fd000000| Untracked 
|  17|0x00000000fd100000, 0x00000000fd100000, 0x00000000fd200000|  0%| F|  |TAMS 0x00000000fd100000, 0x00000000fd100000| Untracked 
|  18|0x00000000fd200000, 0x00000000fd200000, 0x00000000fd300000|  0%| F|  |TAMS 0x00000000fd200000, 0x00000000fd200000| Untracked 
|  19|0x00000000fd300000, 0x00000000fd300000, 0x00000000fd400000|  0%| F|  |TAMS 0x00000000fd300000, 0x00000000fd300000| Untracked 
|  20|0x00000000fd400000, 0x00000000fd400000, 0x00000000fd500000|  0%| F|  |TAMS 0x00000000fd400000, 0x00000000fd400000| Untracked 
|  21|0x00000000fd500000, 0x00000000fd500000, 0x00000000fd600000|  0%| F|  |TAMS 0x00000000fd500000, 0x00000000fd500000| Untracked 
|  22|0x00000000fd600000, 0x00000000fd600000, 0x00000000fd700000|  0%| F|  |TAMS 0x00000000fd600000, 0x00000000fd600000| Untracked 
|  23|0x00000000fd700000, 0x00000000fd700000, 0x00000000fd800000|  0%| F|  |TAMS 0x00000000fd700000, 0x00000000fd700000| Untracked 
|  24|0x00000000fd800000, 0x00000000fd800000, 0x00000000fd900000|  0%| F|  |TAMS 0x00000000fd800000, 0x00000000fd800000| Untracked 
|  25|0x00000000fd900000, 0x00000000fd900000, 0x00000000fda00000|  0%| F|  |TAMS 0x00000000fd900000, 0x00000000fd900000| Untracked 
|  26|0x00000000fda00000, 0x00000000fdb00000, 0x00000000fdb00000|100%| S|CS|TAMS 0x00000000fda00000, 0x00000000fda00000| Complete 
|  27|0x00000000fdb00000, 0x00000000fdc00000, 0x00000000fdc00000|100%| S|CS|TAMS 0x00000000fdb00000, 0x00000000fdb00000| Complete 
|  28|0x00000000fdc00000, 0x00000000fdd00000, 0x00000000fdd00000|100%| S|CS|TAMS 0x00000000fdc00000, 0x00000000fdc00000| Complete 
|  29|0x00000000fdd00000, 0x00000000fde00000, 0x00000000fde00000|100%| S|CS|TAMS 0x00000000fdd00000, 0x00000000fdd00000| Complete 
|  30|0x00000000fde00000, 0x00000000fdf00000, 0x00000000fdf00000|100%| S|CS|TAMS 0x00000000fde00000, 0x00000000fde00000| Complete 
|  31|0x00000000fdf00000, 0x00000000fdf00000, 0x00000000fe000000|  0%| F|  |TAMS 0x00000000fdf00000, 0x00000000fdf00000| Untracked 
|  32|0x00000000fe000000, 0x00000000fe000000, 0x00000000fe100000|  0%| F|  |TAMS 0x00000000fe000000, 0x00000000fe000000| Untracked 
|  33|0x00000000fe100000, 0x00000000fe100000, 0x00000000fe200000|  0%| F|  |TAMS 0x00000000fe100000, 0x00000000fe100000| Untracked 
|  34|0x00000000fe200000, 0x00000000fe200000, 0x00000000fe300000|  0%| F|  |TAMS 0x00000000fe200000, 0x00000000fe200000| Untracked 
|  35|0x00000000fe300000, 0x00000000fe300000, 0x00000000fe400000|  0%| F|  |TAMS 0x00000000fe300000, 0x00000000fe300000| Untracked 
|  36|0x00000000fe400000, 0x00000000fe400000, 0x00000000fe500000|  0%| F|  |TAMS 0x00000000fe400000, 0x00000000fe400000| Untracked 
|  37|0x00000000fe500000, 0x00000000fe500000, 0x00000000fe600000|  0%| F|  |TAMS 0x00000000fe500000, 0x00000000fe500000| Untracked 
|  38|0x00000000fe600000, 0x00000000fe600000, 0x00000000fe700000|  0%| F|  |TAMS 0x00000000fe600000, 0x00000000fe600000| Untracked 
|  39|0x00000000fe700000, 0x00000000fe700000, 0x00000000fe800000|  0%| F|  |TAMS 0x00000000fe700000, 0x00000000fe700000| Untracked 
|  40|0x00000000fe800000, 0x00000000fe8d8ef0, 0x00000000fe900000| 84%| E|  |TAMS 0x00000000fe800000, 0x00000000fe800000| Complete 
|  41|0x00000000fe900000, 0x00000000fea00000, 0x00000000fea00000|100%| E|CS|TAMS 0x00000000fe900000, 0x00000000fe900000| Complete 
|  42|0x00000000fea00000, 0x00000000feb00000, 0x00000000feb00000|100%| E|CS|TAMS 0x00000000fea00000, 0x00000000fea00000| Complete 
|  43|0x00000000feb00000, 0x00000000fec00000, 0x00000000fec00000|100%| E|CS|TAMS 0x00000000feb00000, 0x00000000feb00000| Complete 
|  44|0x00000000fec00000, 0x00000000fed00000, 0x00000000fed00000|100%| E|CS|TAMS 0x00000000fec00000, 0x00000000fec00000| Complete 
|  45|0x00000000fed00000, 0x00000000fee00000, 0x00000000fee00000|100%| E|CS|TAMS 0x00000000fed00000, 0x00000000fed00000| Complete 
|  46|0x00000000fee00000, 0x00000000fef00000, 0x00000000fef00000|100%| E|CS|TAMS 0x00000000fee00000, 0x00000000fee00000| Complete 
|  47|0x00000000fef00000, 0x00000000ff000000, 0x00000000ff000000|100%| E|CS|TAMS 0x00000000fef00000, 0x00000000fef00000| Complete 
|  48|0x00000000ff000000, 0x00000000ff100000, 0x00000000ff100000|100%| E|CS|TAMS 0x00000000ff000000, 0x00000000ff000000| Complete 
|  49|0x00000000ff100000, 0x00000000ff200000, 0x00000000ff200000|100%| E|CS|TAMS 0x00000000ff100000, 0x00000000ff100000| Complete 
|  50|0x00000000ff200000, 0x00000000ff300000, 0x00000000ff300000|100%| E|CS|TAMS 0x00000000ff200000, 0x00000000ff200000| Complete 
|  51|0x00000000ff300000, 0x00000000ff400000, 0x00000000ff400000|100%| E|CS|TAMS 0x00000000ff300000, 0x00000000ff300000| Complete 
|  52|0x00000000ff400000, 0x00000000ff500000, 0x00000000ff500000|100%| E|CS|TAMS 0x00000000ff400000, 0x00000000ff400000| Complete 
|  53|0x00000000ff500000, 0x00000000ff600000, 0x00000000ff600000|100%| E|CS|TAMS 0x00000000ff500000, 0x00000000ff500000| Complete 
|  54|0x00000000ff600000, 0x00000000ff700000, 0x00000000ff700000|100%| E|CS|TAMS 0x00000000ff600000, 0x00000000ff600000| Complete 
|  55|0x00000000ff700000, 0x00000000ff800000, 0x00000000ff800000|100%| E|CS|TAMS 0x00000000ff700000, 0x00000000ff700000| Complete 
|  56|0x00000000ff800000, 0x00000000ff900000, 0x00000000ff900000|100%| E|CS|TAMS 0x00000000ff800000, 0x00000000ff800000| Complete 
|  57|0x00000000ff900000, 0x00000000ffa00000, 0x00000000ffa00000|100%| E|CS|TAMS 0x00000000ff900000, 0x00000000ff900000| Complete 
|  58|0x00000000ffa00000, 0x00000000ffb00000, 0x00000000ffb00000|100%| E|CS|TAMS 0x00000000ffa00000, 0x00000000ffa00000| Complete 
|  59|0x00000000ffb00000, 0x00000000ffc00000, 0x00000000ffc00000|100%| E|CS|TAMS 0x00000000ffb00000, 0x00000000ffb00000| Complete 
|  60|0x00000000ffc00000, 0x00000000ffd00000, 0x00000000ffd00000|100%| E|CS|TAMS 0x00000000ffc00000, 0x00000000ffc00000| Complete 
|  61|0x00000000ffd00000, 0x00000000ffe00000, 0x00000000ffe00000|100%| E|CS|TAMS 0x00000000ffd00000, 0x00000000ffd00000| Complete 
|  62|0x00000000ffe00000, 0x00000000fff00000, 0x00000000fff00000|100%| E|CS|TAMS 0x00000000ffe00000, 0x00000000ffe00000| Complete 
|  63|0x00000000fff00000, 0x0000000100000000, 0x0000000100000000|100%| E|CS|TAMS 0x00000000fff00000, 0x00000000fff00000| Complete 

Card table byte_map: [0x000002a9e9a00000,0x000002a9e9a20000] _byte_map_base: 0x000002a9e9220000

Marking Bits (Prev, Next): (CMBitMap*) 0x000002a9ebb5eba0, (CMBitMap*) 0x000002a9ebb5ebe0
 Prev Bits: [0x000002a9f3bb0000, 0x000002a9f3cb0000)
 Next Bits: [0x000002a9f3cb0000, 0x000002a9f3db0000)

Polling page: 0x000002a9e99b0000

Metaspace:

Usage:
  Non-class:      8.15 MB used.
      Class:      1.23 MB used.
       Both:      9.38 MB used.

Virtual space:
  Non-class space:       64.00 MB reserved,       8.25 MB ( 13%) committed,  1 nodes.
      Class space:        1.00 GB reserved,       1.31 MB ( <1%) committed,  1 nodes.
             Both:        1.06 GB reserved,       9.56 MB ( <1%) committed. 

Chunk freelists:
   Non-Class:  7.66 MB
       Class:  14.51 MB
        Both:  22.16 MB

MaxMetaspaceSize: unlimited
CompressedClassSpaceSize: 1.00 GB
Initial GC threshold: 21.00 MB
Current GC threshold: 21.00 MB
CDS: on
MetaspaceReclaimPolicy: balanced
 - commit_granule_bytes: 65536.
 - commit_granule_words: 8192.
 - virtual_space_node_default_size: 8388608.
 - enlarge_chunks_in_place: 1.
 - new_chunks_are_fully_committed: 0.
 - uncommit_free_chunks: 1.
 - use_allocation_guard: 0.
 - handle_deallocations: 1.


Internal statistics:

num_allocs_failed_limit: 0.
num_arena_births: 80.
num_arena_deaths: 0.
num_vsnodes_births: 2.
num_vsnodes_deaths: 0.
num_space_committed: 153.
num_space_uncommitted: 0.
num_chunks_returned_to_freelist: 0.
num_chunks_taken_from_freelist: 351.
num_chunk_merges: 0.
num_chunk_splits: 225.
num_chunks_enlarged: 179.
num_inconsistent_stats: 0.

CodeHeap 'non-profiled nmethods': size=120000Kb used=1306Kb max_used=1306Kb free=118694Kb
 bounds [0x000002a987ad0000, 0x000002a987d40000, 0x000002a98f000000]
CodeHeap 'profiled nmethods': size=120000Kb used=3839Kb max_used=3839Kb free=116160Kb
 bounds [0x000002a980000000, 0x000002a9803c0000, 0x000002a987530000]
CodeHeap 'non-nmethods': size=5760Kb used=1174Kb max_used=1230Kb free=4586Kb
 bounds [0x000002a987530000, 0x000002a9877a0000, 0x000002a987ad0000]
 total_blobs=2568 nmethods=2099 adapters=381
 compilation: enabled
              stopped_count=0, restarted_count=0
 full_count=0

Compilation events (20 events):
Event: 565.120 Thread 0x000002a9f6998800 nmethod 2100 0x000002a987c13910 code [0x000002a987c13aa0, 0x000002a987c13b58]
Event: 566.066 Thread 0x000002a9f6997e40 2101       4       org.gradle.internal.logging.console.DefaultRedrawableLabel::newLineAdjustment (14 bytes)
Event: 566.066 Thread 0x000002a9f6998800 2102       3       org.gradle.internal.logging.text.AbstractLineChoppingStyledTextOutput$StateContext::flushLineText (113 bytes)
Event: 566.066 Thread 0x000002a9f6997e40 nmethod 2101 0x000002a987c13c10 code [0x000002a987c13d80, 0x000002a987c13e18]
Event: 566.910 Thread 0x000002a9f6998800 nmethod 2102 0x000002a9803bb990 code [0x000002a9803bbc20, 0x000002a9803bc628]
Event: 566.961 Thread 0x000002a9f6998800 2104       3       org.gradle.internal.logging.console.DefaultAnsiFactory::create (19 bytes)
Event: 567.263 Thread 0x000002a9f6998800 nmethod 2104 0x000002a9803bca10 code [0x000002a9803bcca0, 0x000002a9803bd9b8]
Event: 567.263 Thread 0x000002a9f6998800 2105       3       org.fusesource.jansi.Ansi::ansi (22 bytes)
Event: 567.264 Thread 0x000002a9f6998800 nmethod 2105 0x000002a9803bdd90 code [0x000002a9803bdfc0, 0x000002a9803be7f8]
Event: 567.264 Thread 0x000002a9f6998800 2106       3       org.fusesource.jansi.Ansi::isEnabled (13 bytes)
Event: 567.297 Thread 0x000002a9f6998800 nmethod 2106 0x000002a9803bea90 code [0x000002a9803bec40, 0x000002a9803bef08]
Event: 567.297 Thread 0x000002a9f6998800 2107       3       org.fusesource.jansi.Ansi::<init> (12 bytes)
Event: 567.357 Thread 0x000002a9f6998800 nmethod 2107 0x000002a9803bf010 code [0x000002a9803bf1e0, 0x000002a9803bf618]
Event: 567.357 Thread 0x000002a9f6998800 2108       3       org.fusesource.jansi.Ansi::<init> (22 bytes)
Event: 567.357 Thread 0x000002a9f6998800 nmethod 2108 0x000002a9803bf790 code [0x000002a9803bf940, 0x000002a9803bfc08]
Event: 567.746 Thread 0x000002a9f6997e40 2109       4       java.util.concurrent.ScheduledThreadPoolExecutor$ScheduledFutureTask::setNextRunTime (38 bytes)
Event: 567.747 Thread 0x000002a9f6997e40 nmethod 2109 0x000002a987c13f10 code [0x000002a987c14080, 0x000002a987c14138]
Event: 567.747 Thread 0x000002a9f6997e40 2110       4       java.util.concurrent.ScheduledThreadPoolExecutor$DelayedWorkQueue::take (5 bytes)
Event: 567.867 Thread 0x000002a9f6997e40 nmethod 2110 0x000002a987c14210 code [0x000002a987c14440, 0x000002a987c15970]
Event: 580.915 Thread 0x000002a9f6997e40 2111   !   4       java.util.concurrent.locks.AbstractQueuedSynchronizer::acquire (407 bytes)

GC Heap History (4 events):
Event: 1.847 GC heap before
{Heap before GC invocations=0 (full 0):
 garbage-first heap   total 65536K, used 22528K [0x00000000fc000000, 0x0000000100000000)
  region size 1024K, 23 young (23552K), 0 survivors (0K)
 Metaspace       used 1811K, committed 1920K, reserved 1114112K
  class space    used 160K, committed 192K, reserved 1048576K
}
Event: 1.858 GC heap after
{Heap after GC invocations=1 (full 0):
 garbage-first heap   total 65536K, used 2528K [0x00000000fc000000, 0x0000000100000000)
  region size 1024K, 3 young (3072K), 3 survivors (3072K)
 Metaspace       used 1811K, committed 1920K, reserved 1114112K
  class space    used 160K, committed 192K, reserved 1048576K
}
Event: 5.193 GC heap before
{Heap before GC invocations=1 (full 0):
 garbage-first heap   total 65536K, used 36320K [0x00000000fc000000, 0x0000000100000000)
  region size 1024K, 33 young (33792K), 3 survivors (3072K)
 Metaspace       used 8091K, committed 8320K, reserved 1114112K
  class space    used 1103K, committed 1216K, reserved 1048576K
}
Event: 5.202 GC heap after
{Heap after GC invocations=2 (full 0):
 garbage-first heap   total 65536K, used 11234K [0x00000000fc000000, 0x0000000100000000)
  region size 1024K, 5 young (5120K), 5 survivors (5120K)
 Metaspace       used 8091K, committed 8320K, reserved 1114112K
  class space    used 1103K, committed 1216K, reserved 1048576K
}

Dll operation events (13 events):
Event: 0.039 Loaded shared library C:\Program Files\Microsoft\jdk-17.0.12.7-hotspot\bin\java.dll
Event: 0.101 Loaded shared library C:\Program Files\Microsoft\jdk-17.0.12.7-hotspot\bin\jsvml.dll
Event: 0.163 Loaded shared library C:\Program Files\Microsoft\jdk-17.0.12.7-hotspot\bin\net.dll
Event: 0.171 Loaded shared library C:\Program Files\Microsoft\jdk-17.0.12.7-hotspot\bin\nio.dll
Event: 0.180 Loaded shared library C:\Program Files\Microsoft\jdk-17.0.12.7-hotspot\bin\zip.dll
Event: 0.190 Loaded shared library C:\Program Files\Microsoft\jdk-17.0.12.7-hotspot\bin\verify.dll
Event: 1.707 Loaded shared library C:\Program Files\Microsoft\jdk-17.0.12.7-hotspot\bin\jimage.dll
Event: 2.763 Loaded shared library C:\Program Files\Microsoft\jdk-17.0.12.7-hotspot\bin\management.dll
Event: 3.035 Loaded shared library C:\Program Files\Microsoft\jdk-17.0.12.7-hotspot\bin\management_ext.dll
Event: 3.262 Loaded shared library C:\Users\arun9\.gradle\native\1def1411415f61bf3af743bc5b6707747c0891f09f0c88961ee8f79bc544acac\windows-amd64\native-platform.dll
Event: 3.815 Loaded shared library C:\Users\arun9\.gradle\native\jansi\1.18\windows64\jansi.dll
Event: 4.888 Loaded shared library C:\Program Files\Microsoft\jdk-17.0.12.7-hotspot\bin\extnet.dll
Event: 5.265 Loaded shared library C:\Program Files\Microsoft\jdk-17.0.12.7-hotspot\bin\sunmscapi.dll

Deoptimization events (20 events):
Event: 274.043 Thread 0x000002a9fb3b5fd0 Uncommon trap: trap_request=0xffffff45 fr.pc=0x000002a987b95fa8 relative=0x0000000000000e68
Event: 274.043 Thread 0x000002a9fb3b5fd0 Uncommon trap: reason=unstable_if action=reinterpret pc=0x000002a987b95fa8 method=org.gradle.internal.logging.sink.GroupingProgressLogEventGenerator.onOutput(Lorg/gradle/internal/logging/events/OutputEvent;)V @ 22 c2
Event: 274.043 Thread 0x000002a9fb3b5fd0 DEOPT PACKING pc=0x000002a987b95fa8 sp=0x000000c19b6fea90
Event: 274.043 Thread 0x000002a9fb3b5fd0 DEOPT UNPACKING pc=0x000002a9875869a3 sp=0x000000c19b6fe9c8 mode 2
Event: 274.121 Thread 0x000002a9fb3b5fd0 Uncommon trap: trap_request=0xffffff45 fr.pc=0x000002a987b8547c relative=0x000000000000007c
Event: 274.121 Thread 0x000002a9fb3b5fd0 Uncommon trap: reason=unstable_if action=reinterpret pc=0x000002a987b8547c method=org.gradle.internal.operations.OperationIdentifier.equals(Ljava/lang/Object;)Z @ 2 c2
Event: 274.121 Thread 0x000002a9fb3b5fd0 DEOPT PACKING pc=0x000002a987b8547c sp=0x000000c19b6fe9c0
Event: 274.121 Thread 0x000002a9fb3b5fd0 DEOPT UNPACKING pc=0x000002a9875869a3 sp=0x000000c19b6fe950 mode 2
Event: 311.742 Thread 0x000002a9ebb3d580 Uncommon trap: trap_request=0xffffffde fr.pc=0x000002a987ba4500 relative=0x00000000000000c0
Event: 311.742 Thread 0x000002a9ebb3d580 Uncommon trap: reason=class_check action=maybe_recompile pc=0x000002a987ba4500 method=jdk.internal.reflect.DelegatingMethodAccessorImpl.invoke(Ljava/lang/Object;[Ljava/lang/Object;)Ljava/lang/Object; @ 6 c2
Event: 311.742 Thread 0x000002a9ebb3d580 DEOPT PACKING pc=0x000002a987ba4500 sp=0x000000c19a0fd160
Event: 311.742 Thread 0x000002a9ebb3d580 DEOPT UNPACKING pc=0x000002a9875869a3 sp=0x000000c19a0fd0d8 mode 2
Event: 311.830 Thread 0x000002a9fb3b5fd0 Uncommon trap: trap_request=0xffffff45 fr.pc=0x000002a987b97e68 relative=0x0000000000000be8
Event: 311.830 Thread 0x000002a9fb3b5fd0 Uncommon trap: reason=unstable_if action=reinterpret pc=0x000002a987b97e68 method=org.gradle.internal.logging.sink.GroupingProgressLogEventGenerator.onOutput(Lorg/gradle/internal/logging/events/OutputEvent;)V @ 22 c2
Event: 311.830 Thread 0x000002a9fb3b5fd0 DEOPT PACKING pc=0x000002a987b97e68 sp=0x000000c19b6fea40
Event: 311.830 Thread 0x000002a9fb3b5fd0 DEOPT UNPACKING pc=0x000002a9875869a3 sp=0x000000c19b6fe9e0 mode 2
Event: 311.831 Thread 0x000002a9fb3b5fd0 Uncommon trap: trap_request=0xffffff45 fr.pc=0x000002a987b9a614 relative=0x0000000000000b34
Event: 311.831 Thread 0x000002a9fb3b5fd0 Uncommon trap: reason=unstable_if action=reinterpret pc=0x000002a987b9a614 method=org.gradle.internal.logging.sink.GroupingProgressLogEventGenerator.onOutput(Lorg/gradle/internal/logging/events/OutputEvent;)V @ 22 c2
Event: 311.831 Thread 0x000002a9fb3b5fd0 DEOPT PACKING pc=0x000002a987b9a614 sp=0x000000c19b6fe9b0
Event: 311.832 Thread 0x000002a9fb3b5fd0 DEOPT UNPACKING pc=0x000002a9875869a3 sp=0x000000c19b6fe9d0 mode 2

Classes loaded (20 events):
Event: 273.834 Loading class jdk/internal/logger/LazyLoggers$LazyLoggerFactories
Event: 273.839 Loading class jdk/internal/logger/LazyLoggers$LazyLoggerFactories done
Event: 273.860 Loading class jdk/internal/logger/LoggerFinderLoader
Event: 273.863 Loading class jdk/internal/logger/LoggerFinderLoader done
Event: 273.919 Loading class jdk/internal/logger/LoggerFinderLoader$TemporaryLoggerFinder
Event: 273.920 Loading class jdk/internal/logger/LoggerFinderLoader$TemporaryLoggerFinder done
Event: 273.943 Loading class sun/util/logging/internal/LoggingProviderImpl$JULWrapper
Event: 273.946 Loading class sun/util/logging/PlatformLogger$ConfigurableBridge$LoggerConfiguration
Event: 273.948 Loading class sun/util/logging/PlatformLogger$ConfigurableBridge$LoggerConfiguration done
Event: 273.948 Loading class sun/util/logging/internal/LoggingProviderImpl$JULWrapper done
Event: 273.950 Loading class java/io/ObjectInputFilter
Event: 273.950 Loading class java/io/ObjectInputFilter done
Event: 273.953 Loading class java/io/ObjectInputFilter$Config$BuiltinFilterFactory
Event: 273.954 Loading class java/io/ObjectInputFilter$Config$BuiltinFilterFactory done
Event: 273.955 Loading class jdk/internal/access/JavaObjectInputFilterAccess
Event: 273.955 Loading class jdk/internal/access/JavaObjectInputFilterAccess done
Event: 273.956 Loading class java/lang/System$Logger$Level
Event: 273.957 Loading class java/lang/System$Logger$Level done
Event: 273.959 Loading class java/io/Bits
Event: 273.960 Loading class java/io/Bits done

Classes unloaded (0 events):
No events

Classes redefined (0 events):
No events

Internal exceptions (20 events):
Event: 1.069 Thread 0x000002a9ebb3d580 Exception <a 'java/lang/NoSuchMethodError'{0x00000000ffdfaa78}: 'int java.lang.invoke.DirectMethodHandle$Holder.invokeStaticInit(java.lang.Object, java.lang.Object)'> (0x00000000ffdfaa78) 
thrown [s\src\hotspot\share\interpreter\linkResolver.cpp, line 759]
Event: 2.656 Thread 0x000002a9ebb3d580 Exception <a 'java/lang/NoSuchMethodError'{0x00000000ff227df0}: 'java.lang.Object java.lang.invoke.DirectMethodHandle$Holder.invokeStaticInit(java.lang.Object)'> (0x00000000ff227df0) 
thrown [s\src\hotspot\share\interpreter\linkResolver.cpp, line 759]
Event: 3.134 Thread 0x000002a9ebb3d580 Exception <a 'java/lang/NoSuchMethodError'{0x00000000ff242ae0}: 'int java.lang.invoke.DirectMethodHandle$Holder.invokeSpecial(java.lang.Object, java.lang.Object, java.lang.Object)'> (0x00000000ff242ae0) 
thrown [s\src\hotspot\share\interpreter\linkResolver.cpp, line 759]
Event: 3.148 Thread 0x000002a9ebb3d580 Exception <a 'java/lang/NoSuchMethodError'{0x00000000ff27ebe0}: 'void java.lang.invoke.DirectMethodHandle$Holder.invokeStatic(java.lang.Object, java.lang.Object)'> (0x00000000ff27ebe0) 
thrown [s\src\hotspot\share\interpreter\linkResolver.cpp, line 759]
Event: 3.149 Thread 0x000002a9ebb3d580 Implicit null exception at 0x000002a987b3378f to 0x000002a987b33cd0
Event: 3.149 Thread 0x000002a9ebb3d580 Implicit null exception at 0x000002a987b15a0f to 0x000002a987b15f50
Event: 3.192 Thread 0x000002a9ebb3d580 Exception <a 'java/lang/NoClassDefFoundError'{0x00000000ff2fde88}: org/slf4j/impl/StaticMarkerBinder> (0x00000000ff2fde88) 
thrown [s\src\hotspot\share\classfile\systemDictionary.cpp, line 245]
Event: 3.284 Thread 0x000002a9ebb3d580 Exception <a 'java/lang/NoSuchMethodError'{0x00000000ff028fc8}: 'java.lang.Object java.lang.invoke.Invokers$Holder.invoker(java.lang.Object, java.lang.Object, java.lang.Object)'> (0x00000000ff028fc8) 
thrown [s\src\hotspot\share\interpreter\linkResolver.cpp, line 759]
Event: 3.287 Thread 0x000002a9ebb3d580 Exception <a 'java/lang/NoSuchMethodError'{0x00000000ff032120}: 'java.lang.Object java.lang.invoke.DirectMethodHandle$Holder.invokeStatic(java.lang.Object, java.lang.Object, int)'> (0x00000000ff032120) 
thrown [s\src\hotspot\share\interpreter\linkResolver.cpp, line 759]
Event: 3.289 Thread 0x000002a9ebb3d580 Exception <a 'java/lang/NoSuchMethodError'{0x00000000ff03de10}: 'void java.lang.invoke.DelegatingMethodHandle$Holder.delegate(java.lang.Object, java.lang.Object, int, java.lang.Object)'> (0x00000000ff03de10) 
thrown [s\src\hotspot\share\interpreter\linkResolver.cpp, line 759]
Event: 3.292 Thread 0x000002a9ebb3d580 Exception <a 'java/lang/NoSuchMethodError'{0x00000000ff051458}: 'java.lang.Object java.lang.invoke.Invokers$Holder.invokeExact_MT(java.lang.Object, java.lang.Object, java.lang.Object, java.lang.Object)'> (0x00000000ff051458) 
thrown [s\src\hotspot\share\interpreter\linkResolver.cpp, line 759]
Event: 3.305 Thread 0x000002a9ebb3d580 Exception <a 'java/lang/NoSuchMethodError'{0x00000000ff07cf58}: 'java.lang.Object java.lang.invoke.DirectMethodHandle$Holder.invokeVirtual(java.lang.Object, java.lang.Object, java.lang.Object)'> (0x00000000ff07cf58) 
thrown [s\src\hotspot\share\interpreter\linkResolver.cpp, line 759]
Event: 4.568 Thread 0x000002a9ebb3d580 Exception <a 'java/lang/NoSuchMethodError'{0x00000000feb10d88}: 'java.lang.Object java.lang.invoke.DirectMethodHandle$Holder.newInvokeSpecial(java.lang.Object, java.lang.Object, java.lang.Object, java.lang.Object, java.lang.Object)'> (0x00000000feb10d88) 
thrown [s\src\hotspot\share\interpreter\linkResolver.cpp, line 759]
Event: 4.616 Thread 0x000002a9ebb3d580 Exception <a 'java/lang/NoSuchMethodError'{0x00000000fea355a8}: 'void java.lang.invoke.DirectMethodHandle$Holder.invokeSpecial(java.lang.Object, java.lang.Object, java.lang.Object)'> (0x00000000fea355a8) 
thrown [s\src\hotspot\share\interpreter\linkResolver.cpp, line 759]
Event: 4.890 Thread 0x000002a9ebb3d580 Exception <a 'java/lang/NoSuchMethodError'{0x00000000fe554c08}: 'void java.lang.invoke.DirectMethodHandle$Holder.invokeStatic(java.lang.Object, java.lang.Object, java.lang.Object)'> (0x00000000fe554c08) 
thrown [s\src\hotspot\share\interpreter\linkResolver.cpp, line 759]
Event: 4.954 Thread 0x000002a9ebb3d580 Exception <a 'java/lang/NoSuchMethodError'{0x00000000fe3e5ad8}: 'java.lang.Object java.lang.invoke.DirectMethodHandle$Holder.newInvokeSpecial(java.lang.Object, java.lang.Object, java.lang.Object, java.lang.Object, java.lang.Object, java.lang.Object, java.lang.Object, java.lang.Object, java.lang.Object, java.lang.Object, java.lang.Object, java.lang.Object, java.lang.Object, java.lang.Object, java.lang.Object, java.lang.Object, java.lang.Object, java.lang.Object, java.lang.Object, java.lang.Object, java.lang
Event: 4.955 Thread 0x000002a9ebb3d580 Exception <a 'java/lang/NoSuchMethodError'{0x00000000fe3f20e0}: 'java.lang.Object java.lang.invoke.Invokers$Holder.linkToTargetMethod(java.lang.Object, java.lang.Object, java.lang.Object, java.lang.Object, java.lang.Object, java.lang.Object, java.lang.Object, java.lang.Object, java.lang.Object, java.lang.Object, java.lang.Object, java.lang.Object, java.lang.Object, java.lang.Object, java.lang.Object, java.lang.Object, java.lang.Object, java.lang.Object, java.lang.Object, java.lang.Object, java.lang.Object,
Event: 5.021 Thread 0x000002a9ebb3d580 Exception <a 'java/lang/NoSuchMethodError'{0x00000000fe050488}: 'java.lang.Object java.lang.invoke.DirectMethodHandle$Holder.invokeStaticInit(java.lang.Object, int, int, int, int)'> (0x00000000fe050488) 
thrown [s\src\hotspot\share\interpreter\linkResolver.cpp, line 759]
Event: 5.157 Thread 0x000002a9ebb3d580 Exception <a 'java/lang/NoSuchMethodError'{0x00000000fe0e7038}: 'java.lang.Object java.lang.invoke.DirectMethodHandle$Holder.invokeStaticInit(java.lang.Object, java.lang.Object, int, int, int, int)'> (0x00000000fe0e7038) 
thrown [s\src\hotspot\share\interpreter\linkResolver.cpp, line 759]
Event: 5.182 Thread 0x000002a9ebb3d580 Implicit null exception at 0x000002a987b13a72 to 0x000002a987b14040

VM Operations (20 events):
Event: 437.095 Executing VM operation: Cleanup
Event: 437.095 Executing VM operation: Cleanup done
Event: 458.311 Executing VM operation: Cleanup
Event: 458.311 Executing VM operation: Cleanup done
Event: 480.994 Executing VM operation: HandshakeAllThreads
Event: 481.031 Executing VM operation: HandshakeAllThreads done
Event: 496.147 Executing VM operation: Cleanup
Event: 496.147 Executing VM operation: Cleanup done
Event: 515.324 Executing VM operation: Cleanup
Event: 515.324 Executing VM operation: Cleanup done
Event: 541.150 Executing VM operation: HandshakeAllThreads
Event: 541.151 Executing VM operation: HandshakeAllThreads done
Event: 542.151 Executing VM operation: Cleanup
Event: 542.151 Executing VM operation: Cleanup done
Event: 552.239 Executing VM operation: Cleanup
Event: 552.239 Executing VM operation: Cleanup done
Event: 565.392 Executing VM operation: Cleanup
Event: 565.671 Executing VM operation: Cleanup done
Event: 568.747 Executing VM operation: Cleanup
Event: 568.747 Executing VM operation: Cleanup done

Events (13 events):
Event: 0.102 Thread 0x000002a9ebb3d580 Thread added: 0x000002a9ebb3d580
Event: 0.109 Thread 0x000002a9f696ffb0 Thread added: 0x000002a9f696ffb0
Event: 0.109 Thread 0x000002a9f6970e30 Thread added: 0x000002a9f6970e30
Event: 0.131 Thread 0x000002a9f69849d0 Thread added: 0x000002a9f69849d0
Event: 0.132 Thread 0x000002a9f69864b0 Thread added: 0x000002a9f69864b0
Event: 0.132 Thread 0x000002a9f6986f80 Thread added: 0x000002a9f6986f80
Event: 0.132 Thread 0x000002a9f6989860 Thread added: 0x000002a9f6989860
Event: 0.132 Thread 0x000002a9f6997e40 Thread added: 0x000002a9f6997e40
Event: 0.132 Thread 0x000002a9f6998800 Thread added: 0x000002a9f6998800
Event: 0.132 Thread 0x000002a9f69a38f0 Thread added: 0x000002a9f69a38f0
Event: 0.152 Thread 0x000002a9f6af0b50 Thread added: 0x000002a9f6af0b50
Event: 0.156 Thread 0x000002a9f6af5ab0 Thread added: 0x000002a9f6af5ab0
Event: 4.430 Thread 0x000002a9fb3b5fd0 Thread added: 0x000002a9fb3b5fd0


Dynamic libraries:
0x00007ff69e060000 - 0x00007ff69e06e000 	C:\Program Files\Microsoft\jdk-17.0.12.7-hotspot\bin\java.exe
0x00007ff871fb0000 - 0x00007ff8721c7000 	C:\WINDOWS\SYSTEM32\ntdll.dll
0x00007ff871410000 - 0x00007ff8714d4000 	C:\WINDOWS\System32\KERNEL32.DLL
0x00007ff86f490000 - 0x00007ff86f863000 	C:\WINDOWS\System32\KERNELBASE.dll
0x00007ff86f990000 - 0x00007ff86faa1000 	C:\WINDOWS\System32\ucrtbase.dll
0x00007ff8658a0000 - 0x00007ff8658b7000 	C:\Program Files\Microsoft\jdk-17.0.12.7-hotspot\bin\jli.dll
0x00007ff862ed0000 - 0x00007ff862eed000 	C:\Program Files\Microsoft\jdk-17.0.12.7-hotspot\bin\VCRUNTIME140.dll
0x00007ff8701e0000 - 0x00007ff870391000 	C:\WINDOWS\System32\USER32.dll
0x00007ff85ef30000 - 0x00007ff85f1c8000 	C:\WINDOWS\WinSxS\amd64_microsoft.windows.common-controls_6595b64144ccf1df_6.0.22621.5124_none_270e8f4f7386d69d\COMCTL32.dll
0x00007ff86f370000 - 0x00007ff86f396000 	C:\WINDOWS\System32\win32u.dll
0x00007ff871f40000 - 0x00007ff871f69000 	C:\WINDOWS\System32\GDI32.dll
0x00007ff86f870000 - 0x00007ff86f98b000 	C:\WINDOWS\System32\gdi32full.dll
0x00007ff871d80000 - 0x00007ff871e27000 	C:\WINDOWS\System32\msvcrt.dll
0x00007ff86fab0000 - 0x00007ff86fb4a000 	C:\WINDOWS\System32\msvcp_win.dll
0x00007ff8701a0000 - 0x00007ff8701d1000 	C:\WINDOWS\System32\IMM32.DLL
0x00007ff862ec0000 - 0x00007ff862ecc000 	C:\Program Files\Microsoft\jdk-17.0.12.7-hotspot\bin\vcruntime140_1.dll
0x00007ff8628e0000 - 0x00007ff86296d000 	C:\Program Files\Microsoft\jdk-17.0.12.7-hotspot\bin\msvcp140.dll
0x00007fffcc720000 - 0x00007fffcd390000 	C:\Program Files\Microsoft\jdk-17.0.12.7-hotspot\bin\server\jvm.dll
0x00007ff8708a0000 - 0x00007ff870951000 	C:\WINDOWS\System32\ADVAPI32.dll
0x00007ff86fe00000 - 0x00007ff86fea8000 	C:\WINDOWS\System32\sechost.dll
0x00007ff86f3a0000 - 0x00007ff86f3c8000 	C:\WINDOWS\System32\bcrypt.dll
0x00007ff870960000 - 0x00007ff870a74000 	C:\WINDOWS\System32\RPCRT4.dll
0x00007ff871cf0000 - 0x00007ff871d61000 	C:\WINDOWS\System32\WS2_32.dll
0x00007ff86ef90000 - 0x00007ff86efdd000 	C:\WINDOWS\SYSTEM32\POWRPROF.dll
0x00007ff86a3b0000 - 0x00007ff86a3e4000 	C:\WINDOWS\SYSTEM32\WINMM.dll
0x00007ff868230000 - 0x00007ff86823a000 	C:\WINDOWS\SYSTEM32\VERSION.dll
0x00007ff86ef70000 - 0x00007ff86ef83000 	C:\WINDOWS\SYSTEM32\UMPDC.dll
0x00007ff86e090000 - 0x00007ff86e0a8000 	C:\WINDOWS\SYSTEM32\kernel.appcore.dll
0x00007ff862eb0000 - 0x00007ff862eba000 	C:\Program Files\Microsoft\jdk-17.0.12.7-hotspot\bin\jimage.dll
0x00007ff8672b0000 - 0x00007ff8674e2000 	C:\WINDOWS\SYSTEM32\DBGHELP.DLL
0x00007ff870500000 - 0x00007ff870892000 	C:\WINDOWS\System32\combase.dll
0x00007ff871510000 - 0x00007ff8715e7000 	C:\WINDOWS\System32\OLEAUT32.dll
0x00007ff856b50000 - 0x00007ff856b82000 	C:\WINDOWS\SYSTEM32\dbgcore.DLL
0x00007ff86fbd0000 - 0x00007ff86fc4b000 	C:\WINDOWS\System32\bcryptPrimitives.dll
0x00007ff85f750000 - 0x00007ff85f775000 	C:\Program Files\Microsoft\jdk-17.0.12.7-hotspot\bin\java.dll
0x00007ff8440d0000 - 0x00007ff8441a7000 	C:\Program Files\Microsoft\jdk-17.0.12.7-hotspot\bin\jsvml.dll
0x00007ff870b10000 - 0x00007ff8713a6000 	C:\WINDOWS\System32\SHELL32.dll
0x00007ff86f230000 - 0x00007ff86f36f000 	C:\WINDOWS\System32\wintypes.dll
0x00007ff86cfe0000 - 0x00007ff86d8fa000 	C:\WINDOWS\SYSTEM32\windows.storage.dll
0x00007ff871760000 - 0x00007ff87186a000 	C:\WINDOWS\System32\SHCORE.dll
0x00007ff8703a0000 - 0x00007ff870403000 	C:\WINDOWS\System32\shlwapi.dll
0x00007ff86eff0000 - 0x00007ff86f01b000 	C:\WINDOWS\SYSTEM32\profapi.dll
0x00007ff8628c0000 - 0x00007ff8628da000 	C:\Program Files\Microsoft\jdk-17.0.12.7-hotspot\bin\net.dll
0x00007ff86b940000 - 0x00007ff86ba6c000 	C:\WINDOWS\SYSTEM32\WINHTTP.dll
0x00007ff86e570000 - 0x00007ff86e5da000 	C:\WINDOWS\system32\mswsock.dll
0x00007ff862800000 - 0x00007ff862816000 	C:\Program Files\Microsoft\jdk-17.0.12.7-hotspot\bin\nio.dll
0x00007ff85f730000 - 0x00007ff85f748000 	C:\Program Files\Microsoft\jdk-17.0.12.7-hotspot\bin\zip.dll
0x00007ff853a10000 - 0x00007ff853a20000 	C:\Program Files\Microsoft\jdk-17.0.12.7-hotspot\bin\verify.dll
0x00007ff8440c0000 - 0x00007ff8440ca000 	C:\Program Files\Microsoft\jdk-17.0.12.7-hotspot\bin\management.dll
0x00007ff8440b0000 - 0x00007ff8440bb000 	C:\Program Files\Microsoft\jdk-17.0.12.7-hotspot\bin\management_ext.dll
0x00007ff8715f0000 - 0x00007ff8715f8000 	C:\WINDOWS\System32\PSAPI.DLL
0x00007ff853120000 - 0x00007ff853147000 	C:\Users\arun9\.gradle\native\1def1411415f61bf3af743bc5b6707747c0891f09f0c88961ee8f79bc544acac\windows-amd64\native-platform.dll
0x00007ff862e80000 - 0x00007ff862e8a000 	C:\Users\arun9\.gradle\native\jansi\1.18\windows64\jansi.dll
0x00007ff86db60000 - 0x00007ff86db8d000 	C:\WINDOWS\SYSTEM32\IPHLPAPI.DLL
0x00007ff86ff60000 - 0x00007ff86ff69000 	C:\WINDOWS\System32\NSI.dll
0x00007ff86ad40000 - 0x00007ff86ad59000 	C:\WINDOWS\SYSTEM32\dhcpcsvc6.DLL
0x00007ff86ad20000 - 0x00007ff86ad3f000 	C:\WINDOWS\SYSTEM32\dhcpcsvc.DLL
0x00007ff86dbd0000 - 0x00007ff86dcd2000 	C:\WINDOWS\SYSTEM32\DNSAPI.dll
0x00007ff843ba0000 - 0x00007ff843ba9000 	C:\Program Files\Microsoft\jdk-17.0.12.7-hotspot\bin\extnet.dll
0x00007ff86e7d0000 - 0x00007ff86e7eb000 	C:\WINDOWS\SYSTEM32\CRYPTSP.dll
0x00007ff86e050000 - 0x00007ff86e087000 	C:\WINDOWS\system32\rsaenh.dll
0x00007ff86e660000 - 0x00007ff86e688000 	C:\WINDOWS\SYSTEM32\USERENV.dll
0x00007ff86e7c0000 - 0x00007ff86e7cc000 	C:\WINDOWS\SYSTEM32\CRYPTBASE.dll
0x00007ff83e910000 - 0x00007ff83e91e000 	C:\Program Files\Microsoft\jdk-17.0.12.7-hotspot\bin\sunmscapi.dll
0x00007ff86f0c0000 - 0x00007ff86f227000 	C:\WINDOWS\System32\CRYPT32.dll
0x00007ff86e960000 - 0x00007ff86e98d000 	C:\WINDOWS\SYSTEM32\ncrypt.dll
0x00007ff86e920000 - 0x00007ff86e957000 	C:\WINDOWS\SYSTEM32\NTASN1.dll
0x00007ff869120000 - 0x00007ff869128000 	C:\WINDOWS\system32\wshunix.dll

dbghelp: loaded successfully - version: 4.0.5 - missing functions: none
symbol engine: initialized successfully - sym options: 0x614 - pdb path: .;C:\Program Files\Microsoft\jdk-17.0.12.7-hotspot\bin;C:\WINDOWS\SYSTEM32;C:\WINDOWS\WinSxS\amd64_microsoft.windows.common-controls_6595b64144ccf1df_6.0.22621.5124_none_270e8f4f7386d69d;C:\Program Files\Microsoft\jdk-17.0.12.7-hotspot\bin\server;C:\Users\arun9\.gradle\native\1def1411415f61bf3af743bc5b6707747c0891f09f0c88961ee8f79bc544acac\windows-amd64;C:\Users\arun9\.gradle\native\jansi\1.18\windows64

VM Arguments:
jvm_args: -Xmx64m -Xms64m -Dorg.gradle.appname=gradlew 
java_command: org.gradle.wrapper.GradleWrapperMain app:installDebug -PreactNativeDevServerPort=8081
java_class_path (initial): C:\Users\arun9\ReactProjects\TodoApp\android\\gradle\wrapper\gradle-wrapper.jar
Launcher Type: SUN_STANDARD

[Global flags]
     intx CICompilerCount                          = 4                                         {product} {ergonomic}
     uint ConcGCThreads                            = 3                                         {product} {ergonomic}
     uint G1ConcRefinementThreads                  = 10                                        {product} {ergonomic}
   size_t G1HeapRegionSize                         = 1048576                                   {product} {ergonomic}
    uintx GCDrainStackTargetSize                   = 64                                        {product} {ergonomic}
   size_t InitialHeapSize                          = 67108864                                  {product} {command line}
   size_t MarkStackSize                            = 4194304                                   {product} {ergonomic}
   size_t MaxHeapSize                              = 67108864                                  {product} {command line}
   size_t MaxNewSize                               = 39845888                                  {product} {ergonomic}
   size_t MinHeapDeltaBytes                        = 1048576                                   {product} {ergonomic}
   size_t MinHeapSize                              = 67108864                                  {product} {command line}
    uintx NonNMethodCodeHeapSize                   = 5839372                                {pd product} {ergonomic}
    uintx NonProfiledCodeHeapSize                  = 122909434                              {pd product} {ergonomic}
    uintx ProfiledCodeHeapSize                     = 122909434                              {pd product} {ergonomic}
    uintx ReservedCodeCacheSize                    = 251658240                              {pd product} {ergonomic}
     bool SegmentedCodeCache                       = true                                      {product} {ergonomic}
   size_t SoftMaxHeapSize                          = 67108864                               {manageable} {ergonomic}
     bool UseCompressedClassPointers               = true                           {product lp64_product} {ergonomic}
     bool UseCompressedOops                        = true                           {product lp64_product} {ergonomic}
     bool UseG1GC                                  = true                                      {product} {ergonomic}
     bool UseLargePagesIndividualAllocation        = false                                  {pd product} {ergonomic}

Logging:
Log output configuration:
 #0: stdout all=warning uptime,level,tags
 #1: stderr all=off uptime,level,tags

Environment Variables:
JAVA_HOME=C:\Program Files\Microsoft\jdk-17.0.12.7-hotspot\
CLASSPATH=C:\Users\arun9\ReactProjects\TodoApp\android\\gradle\wrapper\gradle-wrapper.jar
PATH=C:\Users\arun9\ReactProjects\TodoApp\node_modules\.bin;C:\Users\arun9\ReactProjects\TodoApp\node_modules\.bin;C:\Users\arun9\ReactProjects\node_modules\.bin;C:\Users\arun9\node_modules\.bin;C:\Users\node_modules\.bin;C:\node_modules\.bin;C:\Users\arun9\AppData\Roaming\npm\node_modules\npm\node_modules\@npmcli\run-script\lib\node-gyp-bin;C:\Python313\Scripts\;C:\Python313\;C:\Program Files\Microsoft\jdk-17.0.12.7-hotspot\bin;C:\Users\arun9\AppData\Local\Programs\Python\Python312\Scripts\;C:\Users\arun9\AppData\Local\Programs\Python\Python312\;C:\Program Files (x86)\VMware\VMware Workstation\bin\;C:\Program Files\Common Files\Oracle\Java\javapath;C:\Windows\system32;C:\Windows;C:\Windows\System32\Wbem;C:\Windows\System32\WindowsPowerShell\v1.0\;C:\Windows\System32\OpenSSH\;C:\Program Files (x86)\NVIDIA Corporation\PhysX\Common;C:\Program Files\NVIDIA Corporation\NVIDIA NvDLISR;C:\Program Files\Java\jdk-20\bin;C:\Program Files\MySQL\MySQL Server 8.0\bin;C:\WINDOWS\system32;C:\WINDOWS;C:\WINDOWS\System32\Wbem;C:\WINDOWS\System32\WindowsPowerShell\v1.0\;C:\WINDOWS\System32\OpenSSH\;C:\Program Files (x86)\dotnet\;C:\Program Files\Git\cmd;C:\ProgramData\chocolatey\bin;C:\Users\arun9\AppData\Local\Android\Sdk;C:\Users\arun9\AppData\Local\Android\Sdk\platform-tools;C:\Users\arun9\anaconda3\Scripts;C:\Program Files\Redis;C:\Program Files\nodejs\;C:\Program Files\MySQL\MySQL Shell 8.0\bin\;C:\Users\arun9\AppData\Local\Microsoft\WindowsApps;C:\Users\arun9\AppData\Local\Programs\Microsoft VS Code\bin;C:\MinGW\bin;C:\Users\arun9\Downloads\flutter\bin;C:\Program Files\JetBrains\IntelliJ IDEA Educational Edition 2019.3.1\bin;;C:\Users\arun9\AppData\Local\Programs\MiKTeX\miktex\bin\x64\;C:\Users\arun9\AppData\Local\Android\Sdk\platform-tools;C:\Users\arun9\AppData\Local\Android\Sdk;C:\Users\arun9\AppData\Local\Android\Sdk\emulator;C:\Users\arun9\AppData\Local\Android\Sdk\tools;C:\Users\arun9\AppData\Local\Android\Sdk\tools\bin;C:\Users\arun9\AppData\Local\Android\Sdk\platform-tool
USERNAME=arun9
LANG=en_US.UTF-8
OS=Windows_NT
PROCESSOR_IDENTIFIER=AMD64 Family 23 Model 96 Stepping 1, AuthenticAMD
TMP=C:\Users\arun9\AppData\Local\Temp
TEMP=C:\Users\arun9\AppData\Local\Temp



Periodic native trim disabled


---------------  S Y S T E M  ---------------

OS:
 Windows 11 , 64 bit Build 22621 (10.0.22621.5124)
OS uptime: 1 days 8:21 hours

CPU: total 12 (initial active 12) (12 cores per cpu, 2 threads per core) family 23 model 96 stepping 1 microcode 0x0, cx8, cmov, fxsr, ht, mmx, 3dnowpref, sse, sse2, sse3, ssse3, sse4a, sse4.1, sse4.2, popcnt, lzcnt, tsc, tscinvbit, avx, avx2, aes, clmul, bmi1, bmi2, adx, sha, fma, vzeroupper, clflush, clflushopt
Processor Information for the first 12 processors :
  Max Mhz: 3001, Current Mhz: 3001, Mhz Limit: 3001

Memory: 4k page, system-wide physical 7598M (956M free)
TotalPageFile size 32174M (AvailPageFile size 642M)
current process WorkingSet (physical memory assigned to process): 8M, peak: 105M
current process commit charge ("private bytes"): 168M, peak: 198M

vm_info: OpenJDK 64-Bit Server VM (17.0.12+7-LTS) for windows-amd64 JRE (17.0.12+7-LTS), built on Jul 16 2024 18:11:44 by "MicrosoftCorporation" with unknown MS VC++:1939

END.
